[2026-02-17 22:27:17] [START] [Anghello@DESKTOP-CVO232P] --------------- INICIO EJECUCIÓN ELT ---------------
[2026-02-17 22:30:58] [SUCCESS] [Anghello@DESKTOP-CVO232P] Pipeline completado exitosamente.
[2026-02-17 22:31:08] [METRICS] [Anghello@DESKTOP-CVO232P] RESUMEN TOTALES: Entrada=22458046 | Bronze=22458046 | Silver=22458046 | Gold=22338511 | Cuarentena=119535
[2026-02-17 22:31:08] [END] [Anghello@DESKTOP-CVO232P] --------------- FIN EJECUCIÓN ELT ---------------

[2026-02-18 10:10:58] [START] [anghello.vega@372DSM] --------------- INICIO EJECUCIÓN ELT ---------------
[2026-02-18 10:16:26] [SUCCESS] [anghello.vega@372DSM] Pipeline completado exitosamente.
[2026-02-18 10:16:42] [METRICS] [anghello.vega@372DSM] RESUMEN TOTALES: Entrada=44916092 | Bronze=22458046 | Silver=22458046 | Gold=22422745 | Cuarentena=35301
[2026-02-18 10:16:42] [END] [anghello.vega@372DSM] --------------- FIN EJECUCIÓN ELT ---------------

[2026-02-18 12:03:01] [START] [anghello.vega@372DSM] --------------- INICIO EJECUCIÓN ELT ---------------
[2026-02-18 12:08:28] [SUCCESS] [anghello.vega@372DSM] Pipeline completado exitosamente.
[2026-02-18 12:08:44] [METRICS] [anghello.vega@372DSM] RESUMEN TOTALES: Entrada=67374138 | Bronze=22458046 | Silver=22458046 | Gold=22422745 | Cuarentena=35301
[2026-02-18 12:08:44] [END] [anghello.vega@372DSM] --------------- FIN EJECUCIÓN ELT ---------------

[2026-02-18 12:43:21] [START] [anghello.vega@372DSM] --------------- INICIO EJECUCIÓN ELT ---------------
[2026-02-18 12:48:17] [SUCCESS] [anghello.vega@372DSM] Pipeline completado exitosamente.
[2026-02-18 12:48:32] [METRICS] [anghello.vega@372DSM] RESUMEN TOTALES: Entrada=89832184 | Bronze=22458046 | Silver=22458046 | Gold=21922645 | Cuarentena=35301
[2026-02-18 12:48:32] [END] [anghello.vega@372DSM] --------------- FIN EJECUCIÓN ELT ---------------

[2026-02-18 15:23:12] [START] [anghello.vega@372DSM] --------------- INICIO EJECUCIÓN ELT ---------------
[2026-02-18 15:29:06] [SUCCESS] [anghello.vega@372DSM] Pipeline completado exitosamente.
[2026-02-18 15:29:17] [METRICS] [anghello.vega@372DSM] RESUMEN TOTALES: Entrada=112290230 | Bronze=22458046 | Silver=22458046 | Gold=21922645 | Cuarentena=35301
[2026-02-18 15:29:17] [END] [anghello.vega@372DSM] --------------- FIN EJECUCIÓN ELT ---------------

[2026-02-27 15:06:43] [START] [anghello.vega@372DSM] --------------- INICIO EJECUCIÓN ELT ---------------
[2026-02-27 15:14:51] [SUCCESS] [anghello.vega@372DSM] Pipeline completado exitosamente.
[2026-02-27 15:15:03] [METRICS] [anghello.vega@372DSM] RESUMEN TOTALES: Entrada=134977545 | Bronze=22687315 | Silver=22687315 | Gold=22151914 | Cuarentena=35301
[2026-02-27 15:15:03] [END] [anghello.vega@372DSM] --------------- FIN EJECUCIÓN ELT ---------------

